<?xml version="1.0" encoding="UTF-8"?>
<!-- Generated by org.testng.reporters.JUnitReportReporter -->
<testsuite skipped="0" hostname="DESKTOP-LLLGMOJ" name="testscripts.TestOrangeHrmPim" tests="2" failures="0" timestamp="2023-10-16T22:03:39 IST" time="51.725" errors="0">
  <testcase name="testPimCreation" time="27.053" classname="testscripts.TestOrangeHrmPim"/>
  <system-out/>
  <testcase name="testPimDeletion" time="24.672" classname="testscripts.TestOrangeHrmPim"/>
  <system-out/>
</testsuite> <!-- testscripts.TestOrangeHrmPim -->
